2020-08-13 10:55:15 AM - INFO - url_crawler: Script started

2020-08-13 10:55:15 AM - INFO - crawler: handling 000001
2020-08-13 10:55:17 AM - INFO - crawler: start cycling page
2020-08-13 10:57:11 AM - INFO - url_crawler: Script started

2020-08-13 10:57:11 AM - INFO - crawler: handling 000001
2020-08-13 10:57:13 AM - INFO - crawler: start cycling page
2020-08-13 10:58:37 AM - INFO - crawler: 82 pages are cycled
2020-08-13 10:58:37 AM - INFO - crawler: 000001 finished
2020-08-13 10:58:37 AM - INFO - crawler: handling 000002
2020-08-13 10:58:38 AM - INFO - crawler: start cycling page
2020-08-13 11:01:05 AM - INFO - crawler: 120 pages are cycled
2020-08-13 11:01:05 AM - INFO - crawler: 000002 finished
2020-08-13 11:01:05 AM - INFO - crawler: handling 000006
2020-08-13 11:01:05 AM - INFO - crawler: start cycling page
2020-08-13 11:02:19 AM - INFO - crawler: 66 pages are cycled
2020-08-13 11:02:19 AM - INFO - crawler: 000006 finished
2020-08-13 11:02:19 AM - INFO - crawler: handling 000011
2020-08-13 11:02:23 AM - INFO - crawler: start cycling page
2020-08-13 11:03:58 AM - INFO - crawler: 69 pages are cycled
2020-08-13 11:03:58 AM - INFO - crawler: 000011 finished
2020-08-13 11:03:58 AM - INFO - crawler: handling 000012
2020-08-13 11:04:00 AM - INFO - crawler: start cycling page
2020-08-13 11:05:49 AM - INFO - crawler: 80 pages are cycled
2020-08-13 11:05:49 AM - INFO - crawler: 000012 finished
2020-08-13 11:05:49 AM - INFO - crawler: handling 000014
2020-08-13 11:05:51 AM - INFO - crawler: start cycling page
2020-08-13 11:06:48 AM - INFO - crawler: 63 pages are cycled
2020-08-13 11:06:48 AM - INFO - crawler: 000014 finished
2020-08-13 11:06:48 AM - INFO - crawler: handling 000016
2020-08-13 11:06:49 AM - INFO - crawler: start cycling page
2020-08-13 11:08:10 AM - INFO - crawler: 84 pages are cycled
2020-08-13 11:08:10 AM - INFO - crawler: 000016 finished
2020-08-13 11:08:10 AM - INFO - crawler: handling 000019
2020-08-13 11:08:10 AM - INFO - crawler: start cycling page
2020-08-13 11:09:19 AM - INFO - crawler: 80 pages are cycled
2020-08-13 11:09:19 AM - INFO - crawler: 000019 finished
2020-08-13 11:09:19 AM - INFO - crawler: handling 000020
2020-08-13 11:09:20 AM - INFO - crawler: start cycling page
2020-08-13 11:10:45 AM - INFO - crawler: 71 pages are cycled
2020-08-13 11:10:45 AM - INFO - crawler: 000020 finished
2020-08-13 11:10:45 AM - INFO - crawler: handling 002001
2020-08-13 11:10:46 AM - INFO - crawler: start cycling page
2020-08-13 11:11:44 AM - INFO - crawler: 55 pages are cycled
2020-08-13 11:11:44 AM - INFO - crawler: 002001 finished
2020-08-13 11:11:44 AM - INFO - crawler: handling 002003
2020-08-13 11:11:46 AM - INFO - crawler: start cycling page
2020-08-13 11:12:41 AM - INFO - crawler: 64 pages are cycled
2020-08-13 11:12:41 AM - INFO - crawler: 002003 finished
2020-08-13 11:12:41 AM - INFO - crawler: handling 002005
2020-08-13 11:12:41 AM - INFO - crawler: start cycling page
2020-08-13 11:14:29 AM - INFO - crawler: 96 pages are cycled
2020-08-13 11:14:29 AM - INFO - crawler: 002005 finished
2020-08-13 11:14:29 AM - INFO - crawler: handling 300001
2020-08-13 11:14:33 AM - INFO - crawler: start cycling page
2020-08-13 11:15:43 AM - INFO - crawler: 69 pages are cycled
2020-08-13 11:15:43 AM - INFO - crawler: 300001 finished
2020-08-13 11:15:43 AM - INFO - crawler: handling 300002
2020-08-13 11:15:44 AM - INFO - crawler: start cycling page
2020-08-13 11:16:57 AM - INFO - crawler: 66 pages are cycled
2020-08-13 11:16:57 AM - INFO - crawler: 300002 finished
2020-08-13 11:16:57 AM - INFO - crawler: handling 300003
2020-08-13 11:17:01 AM - INFO - crawler: start cycling page
2020-08-13 11:18:05 AM - INFO - crawler: 73 pages are cycled
2020-08-13 11:18:05 AM - INFO - crawler: 300003 finished
2020-08-13 11:18:05 AM - INFO - crawler: handling 300005
2020-08-13 11:18:06 AM - INFO - crawler: start cycling page
2020-08-13 11:19:06 AM - INFO - crawler: 68 pages are cycled
2020-08-13 11:19:06 AM - INFO - crawler: 300005 finished
2020-08-13 11:19:06 AM - INFO - crawler: handling 600000
2020-08-13 11:19:06 AM - INFO - crawler: start cycling page
2020-08-13 11:20:16 AM - INFO - crawler: 69 pages are cycled
2020-08-13 11:20:16 AM - INFO - crawler: 600000 finished
2020-08-13 11:20:16 AM - INFO - crawler: handling 600004
2020-08-13 11:20:16 AM - INFO - crawler: start cycling page
2020-08-13 11:21:13 AM - INFO - crawler: 52 pages are cycled
2020-08-13 11:21:13 AM - INFO - crawler: 600004 finished
2020-08-13 11:21:13 AM - INFO - crawler: handling 600006
2020-08-13 11:21:13 AM - INFO - crawler: start cycling page
2020-08-13 11:22:12 AM - INFO - crawler: 60 pages are cycled
2020-08-13 11:22:12 AM - INFO - crawler: 600006 finished
2020-08-13 11:22:12 AM - INFO - crawler: handling 600009
2020-08-13 11:22:13 AM - INFO - crawler: start cycling page
2020-08-13 11:23:07 AM - INFO - crawler: 46 pages are cycled
2020-08-13 11:23:07 AM - INFO - crawler: 600009 finished
2020-08-13 11:23:07 AM - INFO - crawler: handling 600011
2020-08-13 11:23:08 AM - INFO - crawler: start cycling page
2020-08-13 11:25:04 AM - INFO - crawler: 119 pages are cycled
2020-08-13 11:25:04 AM - INFO - crawler: 600011 finished
2020-08-13 11:25:04 AM - INFO - crawler: handling 600012
2020-08-13 11:25:04 AM - INFO - crawler: start cycling page
2020-08-13 11:26:14 AM - INFO - crawler: 71 pages are cycled
2020-08-13 11:26:14 AM - INFO - crawler: 600012 finished
2020-08-13 11:26:14 AM - INFO - crawler: handling 600015
2020-08-13 11:26:15 AM - INFO - crawler: start cycling page
2020-08-13 11:26:55 AM - INFO - crawler: 47 pages are cycled
2020-08-13 11:26:55 AM - INFO - crawler: 600015 finished
2020-08-13 11:26:55 AM - INFO - crawler: handling 600016
2020-08-13 11:26:57 AM - INFO - crawler: start cycling page
2020-08-13 11:29:08 AM - INFO - crawler: 121 pages are cycled
2020-08-13 11:29:08 AM - INFO - crawler: 600016 finished
2020-08-13 11:29:08 AM - INFO - crawler: Process finish
2020-08-13 11:29:08 AM - INFO - crawler: Refactored and cleaned up

2020-08-13 11:29:08 AM - INFO - url_crawler: Script finished

2020-08-13 11:45:03 AM - INFO - url_crawler: Script started

2020-08-13 11:46:41 AM - INFO - url_crawler: Script started

2020-08-13 11:46:41 AM - INFO - crawler: handling 000001
2020-08-13 11:46:42 AM - INFO - crawler: start cycling page
2020-08-13 11:47:41 AM - INFO - crawler: 82 pages are cycled
2020-08-13 11:47:41 AM - INFO - crawler: 000001 finished
2020-08-13 11:47:41 AM - INFO - crawler: handling 000002
2020-08-13 11:47:41 AM - INFO - crawler: start cycling page
2020-08-13 11:51:01 AM - INFO - crawler: 120 pages are cycled
2020-08-13 11:51:01 AM - INFO - crawler: 000002 finished
2020-08-13 11:51:01 AM - INFO - crawler: handling 000006
2020-08-13 11:51:02 AM - INFO - crawler: start cycling page
2020-08-13 11:52:03 AM - INFO - crawler: 66 pages are cycled
2020-08-13 11:52:03 AM - INFO - crawler: 000006 finished
2020-08-13 11:52:03 AM - INFO - crawler: handling 000011
2020-08-13 11:52:04 AM - INFO - crawler: start cycling page
2020-08-13 11:53:07 AM - INFO - crawler: 69 pages are cycled
2020-08-13 11:53:07 AM - INFO - crawler: 000011 finished
2020-08-13 11:53:07 AM - INFO - crawler: handling 000012
2020-08-13 11:53:08 AM - INFO - crawler: start cycling page
2020-08-13 11:54:33 AM - INFO - crawler: 80 pages are cycled
2020-08-13 11:54:33 AM - INFO - crawler: 000012 finished
2020-08-13 11:54:33 AM - INFO - crawler: handling 000014
2020-08-13 11:54:34 AM - INFO - crawler: start cycling page
2020-08-13 11:54:51 AM - INFO - url_crawler: Script started

2020-08-13 11:54:51 AM - INFO - crawler: handling 000001
2020-08-13 11:54:52 AM - INFO - crawler: start cycling page
2020-08-13 11:58:26 AM - INFO - url_crawler: Script started

2020-08-13 11:58:26 AM - INFO - crawler: handling 000001
2020-08-13 11:58:27 AM - INFO - crawler: start cycling page
2020-08-13 12:02:37 PM - INFO - url_crawler: Script started

2020-08-13 14:08:07 PM - INFO - url_crawler: Script started

2020-08-13 14:08:07 PM - INFO - crawler: handling 000001
2020-08-13 14:08:08 PM - INFO - crawler: start cycling page
2020-08-13 14:09:07 PM - INFO - crawler: 49 pages are cycled
2020-08-13 14:09:07 PM - INFO - crawler: 000001 finished
2020-08-13 14:09:07 PM - INFO - crawler: handling 000002
2020-08-13 14:09:07 PM - INFO - crawler: start cycling page
2020-08-13 14:10:33 PM - INFO - crawler: 86 pages are cycled
2020-08-13 14:10:33 PM - INFO - crawler: 000002 finished
2020-08-13 14:10:33 PM - INFO - crawler: handling 000006
2020-08-13 14:10:34 PM - INFO - crawler: start cycling page
2020-08-13 14:11:24 PM - INFO - crawler: 39 pages are cycled
2020-08-13 14:11:24 PM - INFO - crawler: 000006 finished
2020-08-13 14:11:24 PM - INFO - crawler: handling 000011
2020-08-13 14:11:24 PM - INFO - crawler: start cycling page
2020-08-13 14:12:15 PM - INFO - crawler: 35 pages are cycled
2020-08-13 14:12:15 PM - INFO - crawler: 000011 finished
2020-08-13 14:12:15 PM - INFO - crawler: handling 000012
2020-08-13 14:12:15 PM - INFO - crawler: start cycling page
2020-08-13 14:13:22 PM - INFO - crawler: 56 pages are cycled
2020-08-13 14:13:22 PM - INFO - crawler: 000012 finished
2020-08-13 14:13:22 PM - INFO - crawler: handling 000014
2020-08-13 14:13:23 PM - INFO - crawler: start cycling page
2020-08-13 14:14:06 PM - INFO - crawler: 29 pages are cycled
2020-08-13 14:14:06 PM - INFO - crawler: 000014 finished
2020-08-13 14:14:06 PM - INFO - crawler: handling 000016
2020-08-13 14:14:06 PM - INFO - crawler: start cycling page
2020-08-13 14:15:17 PM - INFO - crawler: 59 pages are cycled
2020-08-13 14:15:17 PM - INFO - crawler: 000016 finished
2020-08-13 14:15:17 PM - INFO - crawler: handling 000019
2020-08-13 14:15:17 PM - INFO - crawler: start cycling page
2020-08-13 14:16:31 PM - INFO - crawler: 57 pages are cycled
2020-08-13 14:16:31 PM - INFO - crawler: 000019 finished
2020-08-13 14:16:31 PM - INFO - crawler: handling 000020
2020-08-13 14:16:32 PM - INFO - crawler: start cycling page
2020-08-13 14:17:35 PM - INFO - crawler: 46 pages are cycled
2020-08-13 14:17:35 PM - INFO - crawler: 000020 finished
2020-08-13 14:17:35 PM - INFO - crawler: handling 002001
2020-08-13 14:17:36 PM - INFO - crawler: start cycling page
2020-08-13 14:18:29 PM - INFO - crawler: 37 pages are cycled
2020-08-13 14:18:29 PM - INFO - crawler: 002001 finished
2020-08-13 14:18:29 PM - INFO - crawler: handling 002003
2020-08-13 14:18:30 PM - INFO - crawler: start cycling page
2020-08-13 14:19:26 PM - INFO - crawler: 45 pages are cycled
2020-08-13 14:19:26 PM - INFO - crawler: 002003 finished
2020-08-13 14:19:26 PM - INFO - crawler: handling 002005
2020-08-13 14:19:27 PM - INFO - crawler: start cycling page
2020-08-13 14:20:40 PM - INFO - crawler: 75 pages are cycled
2020-08-13 14:20:40 PM - INFO - crawler: 002005 finished
2020-08-13 14:20:40 PM - INFO - crawler: handling 300001
2020-08-13 14:20:40 PM - INFO - crawler: start cycling page
2020-08-13 14:21:46 PM - INFO - crawler: 68 pages are cycled
2020-08-13 14:21:46 PM - INFO - crawler: 300001 finished
2020-08-13 14:21:46 PM - INFO - crawler: handling 300002
2020-08-13 14:21:46 PM - INFO - crawler: start cycling page
2020-08-13 14:22:58 PM - INFO - crawler: 66 pages are cycled
2020-08-13 14:22:58 PM - INFO - crawler: 300002 finished
2020-08-13 14:22:58 PM - INFO - crawler: handling 300003
2020-08-13 14:22:58 PM - INFO - crawler: start cycling page
2020-08-13 14:24:16 PM - INFO - crawler: 71 pages are cycled
2020-08-13 14:24:16 PM - INFO - crawler: 300003 finished
2020-08-13 14:24:16 PM - INFO - crawler: handling 300005
2020-08-13 14:24:17 PM - INFO - crawler: start cycling page
2020-08-13 14:25:28 PM - INFO - crawler: 65 pages are cycled
2020-08-13 14:25:28 PM - INFO - crawler: 300005 finished
2020-08-13 14:25:28 PM - INFO - crawler: handling 600000
2020-08-13 14:25:28 PM - INFO - crawler: start cycling page
2020-08-13 14:26:27 PM - INFO - crawler: 48 pages are cycled
2020-08-13 14:26:27 PM - INFO - crawler: 600000 finished
2020-08-13 14:26:27 PM - INFO - crawler: handling 600004
2020-08-13 14:26:27 PM - INFO - crawler: start cycling page
2020-08-13 14:27:12 PM - INFO - crawler: 37 pages are cycled
2020-08-13 14:27:12 PM - INFO - crawler: 600004 finished
2020-08-13 14:27:12 PM - INFO - crawler: handling 600006
2020-08-13 14:27:13 PM - INFO - crawler: start cycling page
2020-08-13 14:28:06 PM - INFO - crawler: 41 pages are cycled
2020-08-13 14:28:06 PM - INFO - crawler: 600006 finished
2020-08-13 14:28:06 PM - INFO - crawler: handling 600009
2020-08-13 14:28:07 PM - INFO - crawler: start cycling page
2020-08-13 14:28:46 PM - INFO - crawler: 27 pages are cycled
2020-08-13 14:28:46 PM - INFO - crawler: 600009 finished
2020-08-13 14:28:46 PM - INFO - crawler: handling 600011
2020-08-13 14:28:47 PM - INFO - crawler: start cycling page
2020-08-13 14:30:17 PM - INFO - crawler: 86 pages are cycled
2020-08-13 14:30:17 PM - INFO - crawler: 600011 finished
2020-08-13 14:30:17 PM - INFO - crawler: handling 600012
2020-08-13 14:30:18 PM - INFO - crawler: start cycling page
2020-08-13 14:31:29 PM - INFO - crawler: 54 pages are cycled
2020-08-13 14:31:29 PM - INFO - crawler: 600012 finished
2020-08-13 14:31:29 PM - INFO - crawler: handling 600015
2020-08-13 14:31:30 PM - INFO - crawler: start cycling page
2020-08-13 14:32:15 PM - INFO - crawler: 31 pages are cycled
2020-08-13 14:32:15 PM - INFO - crawler: 600015 finished
2020-08-13 14:32:15 PM - INFO - crawler: handling 600016
2020-08-13 14:32:15 PM - INFO - crawler: start cycling page
2020-08-13 14:48:56 PM - INFO - url_crawler: Script started

2020-08-13 14:48:56 PM - INFO - crawler: handling 000001
2020-08-13 14:48:57 PM - INFO - crawler: start cycling page
2020-08-13 14:50:08 PM - INFO - crawler: 49 pages are cycled
2020-08-13 14:50:08 PM - INFO - crawler: 000001 finished
2020-08-13 14:50:08 PM - INFO - crawler: handling 000002
2020-08-13 14:50:09 PM - INFO - crawler: start cycling page
2020-08-13 14:51:52 PM - INFO - crawler: 86 pages are cycled
2020-08-13 14:51:52 PM - INFO - crawler: 000002 finished
2020-08-13 14:51:52 PM - INFO - crawler: handling 000006
2020-08-13 14:51:53 PM - INFO - crawler: start cycling page
2020-08-13 14:52:50 PM - INFO - crawler: 39 pages are cycled
2020-08-13 14:52:50 PM - INFO - crawler: 000006 finished
2020-08-13 14:52:50 PM - INFO - crawler: handling 000011
2020-08-13 14:52:51 PM - INFO - crawler: start cycling page
2020-08-13 14:53:42 PM - INFO - crawler: 35 pages are cycled
2020-08-13 14:53:42 PM - INFO - crawler: 000011 finished
2020-08-13 14:53:42 PM - INFO - crawler: handling 000012
2020-08-13 14:53:42 PM - INFO - crawler: start cycling page
2020-08-13 14:54:48 PM - INFO - crawler: 56 pages are cycled
2020-08-13 14:54:48 PM - INFO - crawler: 000012 finished
2020-08-13 14:54:48 PM - INFO - crawler: handling 000014
2020-08-13 14:54:48 PM - INFO - crawler: start cycling page
2020-08-13 14:55:35 PM - INFO - crawler: 29 pages are cycled
2020-08-13 14:55:35 PM - INFO - crawler: 000014 finished
2020-08-13 14:55:35 PM - INFO - crawler: handling 000016
2020-08-13 14:55:35 PM - INFO - crawler: start cycling page
2020-08-13 14:56:47 PM - INFO - crawler: 59 pages are cycled
2020-08-13 14:56:47 PM - INFO - crawler: 000016 finished
2020-08-13 14:56:47 PM - INFO - crawler: handling 000019
2020-08-13 14:56:50 PM - INFO - crawler: start cycling page
2020-08-13 14:58:00 PM - INFO - crawler: 57 pages are cycled
2020-08-13 14:58:00 PM - INFO - crawler: 000019 finished
2020-08-13 14:58:00 PM - INFO - crawler: handling 000020
2020-08-13 14:58:01 PM - INFO - crawler: start cycling page
2020-08-13 14:58:58 PM - INFO - crawler: 46 pages are cycled
2020-08-13 14:58:58 PM - INFO - crawler: 000020 finished
2020-08-13 14:58:58 PM - INFO - crawler: handling 002001
2020-08-13 14:58:59 PM - INFO - crawler: start cycling page
2020-08-13 14:59:50 PM - INFO - crawler: 37 pages are cycled
2020-08-13 14:59:50 PM - INFO - crawler: 002001 finished
2020-08-13 14:59:50 PM - INFO - crawler: handling 002003
2020-08-13 14:59:51 PM - INFO - crawler: start cycling page
2020-08-13 15:00:50 PM - INFO - crawler: 45 pages are cycled
2020-08-13 15:00:50 PM - INFO - crawler: 002003 finished
2020-08-13 15:00:50 PM - INFO - crawler: handling 002005
2020-08-13 15:00:50 PM - INFO - crawler: start cycling page
2020-08-13 15:02:15 PM - INFO - crawler: 75 pages are cycled
2020-08-13 15:02:15 PM - INFO - crawler: 002005 finished
2020-08-13 15:02:15 PM - INFO - crawler: handling 300001
2020-08-13 15:02:15 PM - INFO - crawler: start cycling page
2020-08-13 15:03:28 PM - INFO - crawler: 68 pages are cycled
2020-08-13 15:03:28 PM - INFO - crawler: 300001 finished
2020-08-13 15:03:28 PM - INFO - crawler: handling 300002
2020-08-13 15:03:29 PM - INFO - crawler: start cycling page
2020-08-13 15:04:41 PM - INFO - crawler: 66 pages are cycled
2020-08-13 15:04:41 PM - INFO - crawler: 300002 finished
2020-08-13 15:04:41 PM - INFO - crawler: handling 300003
2020-08-13 15:04:41 PM - INFO - crawler: start cycling page
2020-08-13 15:05:59 PM - INFO - crawler: 71 pages are cycled
2020-08-13 15:05:59 PM - INFO - crawler: 300003 finished
2020-08-13 15:05:59 PM - INFO - crawler: handling 300005
2020-08-13 15:06:00 PM - INFO - crawler: start cycling page
2020-08-13 15:07:19 PM - INFO - crawler: 65 pages are cycled
2020-08-13 15:07:19 PM - INFO - crawler: 300005 finished
2020-08-13 15:07:19 PM - INFO - crawler: handling 600000
2020-08-13 15:07:20 PM - INFO - crawler: start cycling page
2020-08-13 15:08:25 PM - INFO - crawler: 48 pages are cycled
2020-08-13 15:08:25 PM - INFO - crawler: 600000 finished
2020-08-13 15:08:25 PM - INFO - crawler: handling 600004
2020-08-13 15:08:25 PM - INFO - crawler: start cycling page
2020-08-13 15:09:14 PM - INFO - crawler: 37 pages are cycled
2020-08-13 15:09:14 PM - INFO - crawler: 600004 finished
2020-08-13 15:09:14 PM - INFO - crawler: handling 600006
2020-08-13 15:09:14 PM - INFO - crawler: start cycling page
2020-08-13 15:10:10 PM - INFO - crawler: 41 pages are cycled
2020-08-13 15:10:10 PM - INFO - crawler: 600006 finished
2020-08-13 15:10:10 PM - INFO - crawler: handling 600009
2020-08-13 15:10:11 PM - INFO - crawler: start cycling page
2020-08-13 15:10:49 PM - INFO - crawler: 27 pages are cycled
2020-08-13 15:10:49 PM - INFO - crawler: 600009 finished
2020-08-13 15:10:49 PM - INFO - crawler: handling 600011
2020-08-13 15:10:50 PM - INFO - crawler: start cycling page
2020-08-13 15:12:21 PM - INFO - crawler: 86 pages are cycled
2020-08-13 15:12:21 PM - INFO - crawler: 600011 finished
2020-08-13 15:12:21 PM - INFO - crawler: handling 600012
2020-08-13 15:12:22 PM - INFO - crawler: start cycling page
2020-08-13 15:13:28 PM - INFO - crawler: 54 pages are cycled
2020-08-13 15:13:28 PM - INFO - crawler: 600012 finished
2020-08-13 15:13:28 PM - INFO - crawler: handling 600015
2020-08-13 15:13:28 PM - INFO - crawler: start cycling page
2020-08-13 15:14:09 PM - INFO - crawler: 31 pages are cycled
2020-08-13 15:14:09 PM - INFO - crawler: 600015 finished
2020-08-13 15:14:09 PM - INFO - crawler: handling 600016
2020-08-13 15:14:10 PM - INFO - crawler: start cycling page
2020-08-13 15:15:40 PM - INFO - crawler: 89 pages are cycled
2020-08-13 15:15:40 PM - INFO - crawler: 600016 finished
2020-08-13 15:15:40 PM - INFO - crawler: Process finish
2020-08-13 15:15:40 PM - INFO - crawler: Refactored and cleaned up

2020-08-13 15:15:40 PM - INFO - url_crawler: Script finished

2020-08-13 16:13:11 PM - INFO - url_crawler: Script started

2020-08-13 16:13:11 PM - INFO - crawler: handling 000001
2020-08-13 16:13:12 PM - INFO - crawler: start cycling page
2020-08-13 16:14:09 PM - INFO - url_crawler: Script started

2020-08-13 16:14:09 PM - INFO - crawler: handling 000001
2020-08-13 16:14:10 PM - INFO - crawler: start cycling page
2020-08-13 16:16:14 PM - INFO - url_crawler: Script started

2020-08-13 16:16:14 PM - INFO - crawler: handling 000001
2020-08-13 16:16:15 PM - INFO - crawler: start cycling page
2020-08-13 16:18:03 PM - INFO - url_crawler: Script started

2020-08-13 16:18:03 PM - INFO - crawler: handling 000001
2020-08-13 16:18:03 PM - INFO - crawler: start cycling page
2020-08-13 16:19:39 PM - INFO - crawler: 49 pages are cycled
2020-08-13 16:19:39 PM - INFO - crawler: 000001 finished
2020-08-13 16:19:39 PM - INFO - crawler: handling 000002
2020-08-13 16:19:39 PM - INFO - crawler: start cycling page
2020-08-13 16:21:14 PM - INFO - crawler: 86 pages are cycled
2020-08-13 16:21:14 PM - INFO - crawler: 000002 finished
2020-08-13 16:21:14 PM - INFO - crawler: handling 000006
2020-08-13 16:21:15 PM - INFO - crawler: start cycling page
2020-08-13 16:22:07 PM - INFO - crawler: 39 pages are cycled
2020-08-13 16:22:07 PM - INFO - crawler: 000006 finished
2020-08-13 16:22:07 PM - INFO - crawler: handling 000011
2020-08-13 16:22:07 PM - INFO - crawler: start cycling page
2020-08-13 16:23:00 PM - INFO - crawler: 35 pages are cycled
2020-08-13 16:23:00 PM - INFO - crawler: 000011 finished
2020-08-13 16:23:00 PM - INFO - crawler: handling 000012
2020-08-13 16:23:01 PM - INFO - crawler: start cycling page
2020-08-13 16:24:08 PM - INFO - crawler: 56 pages are cycled
2020-08-13 16:24:08 PM - INFO - crawler: 000012 finished
2020-08-13 16:24:08 PM - INFO - crawler: handling 000014
2020-08-13 16:24:09 PM - INFO - crawler: start cycling page
2020-08-13 16:24:52 PM - INFO - crawler: 29 pages are cycled
2020-08-13 16:24:52 PM - INFO - crawler: 000014 finished
2020-08-13 16:24:52 PM - INFO - crawler: handling 000016
2020-08-13 16:24:53 PM - INFO - crawler: start cycling page
2020-08-13 16:26:15 PM - INFO - crawler: 59 pages are cycled
2020-08-13 16:26:15 PM - INFO - crawler: 000016 finished
2020-08-13 16:26:15 PM - INFO - crawler: handling 000019
2020-08-13 16:26:16 PM - INFO - crawler: start cycling page
2020-08-13 16:27:36 PM - INFO - crawler: 57 pages are cycled
2020-08-13 16:27:36 PM - INFO - crawler: 000019 finished
2020-08-13 16:27:36 PM - INFO - crawler: handling 000020
2020-08-13 16:27:37 PM - INFO - crawler: start cycling page
2020-08-13 16:28:37 PM - INFO - crawler: 46 pages are cycled
2020-08-13 16:28:37 PM - INFO - crawler: 000020 finished
2020-08-13 16:28:37 PM - INFO - crawler: handling 002001
2020-08-13 16:28:38 PM - INFO - crawler: start cycling page
2020-08-13 16:29:34 PM - INFO - crawler: 37 pages are cycled
2020-08-13 16:29:34 PM - INFO - crawler: 002001 finished
2020-08-13 16:29:34 PM - INFO - crawler: handling 002003
2020-08-13 16:29:35 PM - INFO - crawler: start cycling page
2020-08-13 16:30:39 PM - INFO - crawler: 45 pages are cycled
2020-08-13 16:30:39 PM - INFO - crawler: 002003 finished
2020-08-13 16:30:39 PM - INFO - crawler: handling 002005
2020-08-13 16:30:39 PM - INFO - crawler: start cycling page
2020-08-13 16:32:06 PM - INFO - crawler: 75 pages are cycled
2020-08-13 16:32:06 PM - INFO - crawler: 002005 finished
2020-08-13 16:32:06 PM - INFO - crawler: handling 300001
2020-08-13 16:32:06 PM - INFO - crawler: start cycling page
2020-08-13 16:33:22 PM - INFO - crawler: 68 pages are cycled
2020-08-13 16:33:22 PM - INFO - crawler: 300001 finished
2020-08-13 16:33:22 PM - INFO - crawler: handling 300002
2020-08-13 16:33:23 PM - INFO - crawler: start cycling page
2020-08-13 16:34:39 PM - INFO - crawler: 66 pages are cycled
2020-08-13 16:34:39 PM - INFO - crawler: 300002 finished
2020-08-13 16:34:39 PM - INFO - crawler: handling 300003
2020-08-13 16:34:40 PM - INFO - crawler: start cycling page
2020-08-13 16:36:01 PM - INFO - crawler: 71 pages are cycled
2020-08-13 16:36:01 PM - INFO - crawler: 300003 finished
2020-08-13 16:36:01 PM - INFO - crawler: handling 300005
2020-08-13 16:36:02 PM - INFO - crawler: start cycling page
2020-08-13 16:37:11 PM - INFO - crawler: 65 pages are cycled
2020-08-13 16:37:11 PM - INFO - crawler: 300005 finished
2020-08-13 16:37:11 PM - INFO - crawler: handling 600000
2020-08-13 16:37:12 PM - INFO - crawler: start cycling page
2020-08-13 16:38:09 PM - INFO - crawler: 48 pages are cycled
2020-08-13 16:38:09 PM - INFO - crawler: 600000 finished
2020-08-13 16:38:09 PM - INFO - crawler: handling 600004
2020-08-13 16:38:10 PM - INFO - crawler: start cycling page
2020-08-13 16:38:54 PM - INFO - crawler: 37 pages are cycled
2020-08-13 16:38:54 PM - INFO - crawler: 600004 finished
2020-08-13 16:38:54 PM - INFO - crawler: handling 600006
2020-08-13 16:38:54 PM - INFO - crawler: start cycling page
2020-08-13 16:39:52 PM - INFO - crawler: 41 pages are cycled
2020-08-13 16:39:52 PM - INFO - crawler: 600006 finished
2020-08-13 16:39:52 PM - INFO - crawler: handling 600009
2020-08-13 16:39:53 PM - INFO - crawler: start cycling page
2020-08-13 16:40:33 PM - INFO - crawler: 27 pages are cycled
2020-08-13 16:40:33 PM - INFO - crawler: 600009 finished
2020-08-13 16:40:33 PM - INFO - crawler: handling 600011
2020-08-13 16:40:33 PM - INFO - crawler: start cycling page
2020-08-13 16:42:00 PM - INFO - crawler: 86 pages are cycled
2020-08-13 16:42:00 PM - INFO - crawler: 600011 finished
2020-08-13 16:42:00 PM - INFO - crawler: handling 600012
2020-08-13 16:42:01 PM - INFO - crawler: start cycling page
2020-08-13 16:43:12 PM - INFO - crawler: 54 pages are cycled
2020-08-13 16:43:12 PM - INFO - crawler: 600012 finished
2020-08-13 16:43:12 PM - INFO - crawler: handling 600015
2020-08-13 16:43:13 PM - INFO - crawler: start cycling page
2020-08-13 16:44:04 PM - INFO - crawler: 31 pages are cycled
2020-08-13 16:44:04 PM - INFO - crawler: 600015 finished
2020-08-13 16:44:04 PM - INFO - crawler: handling 600016
2020-08-13 16:44:05 PM - INFO - crawler: start cycling page
2020-08-13 16:45:41 PM - INFO - crawler: 89 pages are cycled
2020-08-13 16:45:41 PM - INFO - crawler: 600016 finished
2020-08-13 16:45:41 PM - INFO - crawler: Process finish
2020-08-13 16:45:41 PM - INFO - crawler: Refactored and cleaned up

2020-08-13 16:45:41 PM - INFO - url_crawler: Script finished

2020-08-19 14:32:39 PM - INFO - url_crawler: Script started

2020-08-19 14:32:39 PM - INFO - crawler: handling 000001
2020-08-19 14:32:40 PM - INFO - crawler: start cycling page
2020-08-19 14:33:56 PM - INFO - url_crawler: Script started

2020-08-19 14:33:56 PM - INFO - crawler: handling 000001
2020-08-19 14:33:57 PM - INFO - crawler: start cycling page
2020-08-19 14:35:01 PM - INFO - crawler: 49 pages are cycled
2020-08-19 14:35:01 PM - INFO - crawler: 000001 finished
2020-08-19 14:35:01 PM - INFO - crawler: handling 000002
2020-08-19 14:35:01 PM - INFO - crawler: start cycling page
2020-08-19 14:36:41 PM - INFO - crawler: 86 pages are cycled
2020-08-19 14:36:41 PM - INFO - crawler: 000002 finished
2020-08-19 14:36:41 PM - INFO - crawler: handling 000006
2020-08-19 14:36:42 PM - INFO - crawler: start cycling page
2020-08-19 14:37:36 PM - INFO - crawler: 40 pages are cycled
2020-08-19 14:37:36 PM - INFO - crawler: 000006 finished
2020-08-19 14:37:36 PM - INFO - crawler: handling 000011
2020-08-19 14:37:37 PM - INFO - crawler: start cycling page
2020-08-19 14:38:27 PM - INFO - crawler: 35 pages are cycled
2020-08-19 14:38:27 PM - INFO - crawler: 000011 finished
2020-08-19 14:38:27 PM - INFO - crawler: handling 000012
2020-08-19 14:38:27 PM - INFO - crawler: start cycling page
2020-08-19 14:39:32 PM - INFO - crawler: 56 pages are cycled
2020-08-19 14:39:32 PM - INFO - crawler: 000012 finished
2020-08-19 14:39:32 PM - INFO - crawler: handling 000014
2020-08-19 14:39:33 PM - INFO - crawler: start cycling page
2020-08-19 14:40:13 PM - INFO - crawler: 29 pages are cycled
2020-08-19 14:40:13 PM - INFO - crawler: 000014 finished
2020-08-19 14:40:13 PM - INFO - crawler: handling 000016
2020-08-19 14:40:13 PM - INFO - crawler: start cycling page
2020-08-19 14:41:21 PM - INFO - crawler: 59 pages are cycled
2020-08-19 14:41:21 PM - INFO - crawler: 000016 finished
2020-08-19 14:41:21 PM - INFO - crawler: handling 000019
2020-08-19 14:41:21 PM - INFO - crawler: start cycling page
2020-08-19 14:42:29 PM - INFO - crawler: 57 pages are cycled
2020-08-19 14:42:29 PM - INFO - crawler: 000019 finished
2020-08-19 14:42:29 PM - INFO - crawler: handling 000020
2020-08-19 14:42:30 PM - INFO - crawler: start cycling page
2020-08-19 14:43:25 PM - INFO - crawler: 46 pages are cycled
2020-08-19 14:43:25 PM - INFO - crawler: 000020 finished
2020-08-19 14:43:25 PM - INFO - crawler: handling 002001
2020-08-19 14:43:25 PM - INFO - crawler: start cycling page
2020-08-19 14:44:18 PM - INFO - crawler: 37 pages are cycled
2020-08-19 14:44:18 PM - INFO - crawler: 002001 finished
2020-08-19 14:44:18 PM - INFO - crawler: handling 002003
2020-08-19 14:44:19 PM - INFO - crawler: start cycling page
2020-08-19 14:45:25 PM - INFO - crawler: 45 pages are cycled
2020-08-19 14:45:25 PM - INFO - crawler: 002003 finished
2020-08-19 14:45:25 PM - INFO - crawler: handling 002005
2020-08-19 14:45:26 PM - INFO - crawler: start cycling page
2020-08-19 14:46:44 PM - INFO - crawler: 75 pages are cycled
2020-08-19 14:46:44 PM - INFO - crawler: 002005 finished
2020-08-19 14:46:44 PM - INFO - crawler: handling 300001
2020-08-19 14:46:45 PM - INFO - crawler: start cycling page
2020-08-19 14:48:03 PM - INFO - crawler: 68 pages are cycled
2020-08-19 14:48:03 PM - INFO - crawler: 300001 finished
2020-08-19 14:48:03 PM - INFO - crawler: handling 300002
2020-08-19 14:48:04 PM - INFO - crawler: start cycling page
2020-08-19 14:49:19 PM - INFO - crawler: 64 pages are cycled
2020-08-19 14:49:19 PM - INFO - crawler: 300002 finished
2020-08-19 14:49:19 PM - INFO - crawler: handling 300003
2020-08-19 14:49:19 PM - INFO - crawler: start cycling page
2020-08-19 14:50:40 PM - INFO - crawler: 72 pages are cycled
2020-08-19 14:50:40 PM - INFO - crawler: 300003 finished
2020-08-19 14:50:40 PM - INFO - crawler: handling 300005
2020-08-19 14:50:41 PM - INFO - crawler: start cycling page
2020-08-19 14:52:01 PM - INFO - crawler: 65 pages are cycled
2020-08-19 14:52:01 PM - INFO - crawler: 300005 finished
2020-08-19 14:52:01 PM - INFO - crawler: handling 600000
2020-08-19 14:52:02 PM - INFO - crawler: start cycling page
2020-08-19 14:53:05 PM - INFO - crawler: 48 pages are cycled
2020-08-19 14:53:05 PM - INFO - crawler: 600000 finished
2020-08-19 14:53:05 PM - INFO - crawler: handling 600004
2020-08-19 14:53:06 PM - INFO - crawler: start cycling page
2020-08-19 14:53:52 PM - INFO - crawler: 37 pages are cycled
2020-08-19 14:53:52 PM - INFO - crawler: 600004 finished
2020-08-19 14:53:52 PM - INFO - crawler: handling 600006
2020-08-19 14:53:53 PM - INFO - crawler: start cycling page
2020-08-19 14:54:50 PM - INFO - crawler: 42 pages are cycled
2020-08-19 14:54:50 PM - INFO - crawler: 600006 finished
2020-08-19 14:54:50 PM - INFO - crawler: handling 600009
2020-08-19 14:54:51 PM - INFO - crawler: start cycling page
2020-08-19 14:55:28 PM - INFO - crawler: 27 pages are cycled
2020-08-19 14:55:28 PM - INFO - crawler: 600009 finished
2020-08-19 14:55:28 PM - INFO - crawler: handling 600011
2020-08-19 14:55:29 PM - INFO - crawler: start cycling page
2020-08-19 14:57:03 PM - INFO - crawler: 83 pages are cycled
2020-08-19 14:57:03 PM - INFO - crawler: 600011 finished
2020-08-19 14:57:03 PM - INFO - crawler: handling 600012
2020-08-19 14:57:03 PM - INFO - crawler: start cycling page
2020-08-19 14:58:12 PM - INFO - crawler: 56 pages are cycled
2020-08-19 14:58:12 PM - INFO - crawler: 600012 finished
2020-08-19 14:58:12 PM - INFO - crawler: handling 600015
2020-08-19 14:58:13 PM - INFO - crawler: start cycling page
2020-08-19 14:58:57 PM - INFO - crawler: 31 pages are cycled
2020-08-19 14:58:57 PM - INFO - crawler: 600015 finished
2020-08-19 14:58:57 PM - INFO - crawler: handling 600016
2020-08-19 14:58:57 PM - INFO - crawler: start cycling page
2020-08-19 15:00:41 PM - INFO - crawler: 89 pages are cycled
2020-08-19 15:00:41 PM - INFO - crawler: 600016 finished
2020-08-19 15:08:58 PM - INFO - url_crawler: Script started

2020-08-19 15:08:58 PM - INFO - crawler: handling 000001
2020-08-19 15:08:59 PM - INFO - crawler: start cycling page
2020-08-19 15:26:28 PM - INFO - url_crawler: Script started

2020-08-19 15:26:28 PM - INFO - crawler: handling 000001
2020-08-19 15:26:29 PM - INFO - crawler: start cycling page
2020-08-19 15:27:33 PM - INFO - crawler: 49 pages are cycled
2020-08-19 15:27:33 PM - INFO - crawler: 000001 finished
2020-08-19 15:27:33 PM - INFO - crawler: handling 000002
2020-08-19 15:27:33 PM - INFO - crawler: start cycling page
2020-08-19 15:29:23 PM - INFO - crawler: 86 pages are cycled
2020-08-19 15:29:23 PM - INFO - crawler: 000002 finished
2020-08-19 15:29:23 PM - INFO - crawler: handling 000006
2020-08-19 15:29:24 PM - INFO - crawler: start cycling page
2020-08-19 15:30:18 PM - INFO - crawler: 40 pages are cycled
2020-08-19 15:30:18 PM - INFO - crawler: 000006 finished
2020-08-19 15:30:18 PM - INFO - crawler: handling 000011
2020-08-19 15:30:19 PM - INFO - crawler: start cycling page
2020-08-19 15:31:13 PM - INFO - crawler: 35 pages are cycled
2020-08-19 15:31:13 PM - INFO - crawler: 000011 finished
2020-08-19 15:31:13 PM - INFO - crawler: handling 000012
2020-08-19 15:31:14 PM - INFO - crawler: start cycling page
2020-08-19 15:32:28 PM - INFO - crawler: 56 pages are cycled
2020-08-19 15:32:28 PM - INFO - crawler: 000012 finished
2020-08-19 15:32:28 PM - INFO - crawler: handling 000014
2020-08-19 15:32:29 PM - INFO - crawler: start cycling page
2020-08-19 15:33:16 PM - INFO - crawler: 29 pages are cycled
2020-08-19 15:33:16 PM - INFO - crawler: 000014 finished
2020-08-19 15:33:16 PM - INFO - crawler: handling 000016
2020-08-19 15:33:17 PM - INFO - crawler: start cycling page
2020-08-19 15:34:36 PM - INFO - crawler: 59 pages are cycled
2020-08-19 15:34:36 PM - INFO - crawler: 000016 finished
2020-08-19 15:34:36 PM - INFO - crawler: handling 000019
2020-08-19 15:34:37 PM - INFO - crawler: start cycling page
2020-08-19 15:35:53 PM - INFO - crawler: 57 pages are cycled
2020-08-19 15:35:53 PM - INFO - crawler: 000019 finished
2020-08-19 15:35:53 PM - INFO - crawler: handling 000020
2020-08-19 15:35:54 PM - INFO - crawler: start cycling page
2020-08-19 15:36:54 PM - INFO - crawler: 46 pages are cycled
2020-08-19 15:36:54 PM - INFO - crawler: 000020 finished
2020-08-19 15:36:54 PM - INFO - crawler: handling 002001
2020-08-19 15:36:55 PM - INFO - crawler: start cycling page
2020-08-19 15:37:49 PM - INFO - crawler: 37 pages are cycled
2020-08-19 15:37:49 PM - INFO - crawler: 002001 finished
2020-08-19 15:37:49 PM - INFO - crawler: handling 002003
2020-08-19 15:37:50 PM - INFO - crawler: start cycling page
2020-08-19 15:38:52 PM - INFO - crawler: 45 pages are cycled
2020-08-19 15:38:52 PM - INFO - crawler: 002003 finished
2020-08-19 15:38:52 PM - INFO - crawler: handling 002005
2020-08-19 15:38:53 PM - INFO - crawler: start cycling page
2020-08-19 15:40:09 PM - INFO - crawler: 75 pages are cycled
2020-08-19 15:40:09 PM - INFO - crawler: 002005 finished
2020-08-19 15:40:09 PM - INFO - crawler: handling 300001
2020-08-19 15:40:09 PM - INFO - crawler: start cycling page
2020-08-19 15:41:20 PM - INFO - crawler: 68 pages are cycled
2020-08-19 15:41:20 PM - INFO - crawler: 300001 finished
2020-08-19 15:41:20 PM - INFO - crawler: handling 300002
2020-08-19 15:41:21 PM - INFO - crawler: start cycling page
2020-08-19 15:42:37 PM - INFO - crawler: 64 pages are cycled
2020-08-19 15:42:37 PM - INFO - crawler: 300002 finished
2020-08-19 15:42:37 PM - INFO - crawler: handling 300003
2020-08-19 15:42:38 PM - INFO - crawler: start cycling page
2020-08-19 15:43:59 PM - INFO - crawler: 72 pages are cycled
2020-08-19 15:43:59 PM - INFO - crawler: 300003 finished
2020-08-19 15:43:59 PM - INFO - crawler: handling 300005
2020-08-19 15:44:00 PM - INFO - crawler: start cycling page
2020-08-19 15:45:17 PM - INFO - crawler: 65 pages are cycled
2020-08-19 15:45:17 PM - INFO - crawler: 300005 finished
2020-08-19 15:45:17 PM - INFO - crawler: handling 600000
2020-08-19 15:45:18 PM - INFO - crawler: start cycling page
2020-08-19 15:46:23 PM - INFO - crawler: 48 pages are cycled
2020-08-19 15:46:23 PM - INFO - crawler: 600000 finished
2020-08-19 15:46:23 PM - INFO - crawler: handling 600004
2020-08-19 15:46:23 PM - INFO - crawler: start cycling page
2020-08-19 15:47:14 PM - INFO - crawler: 37 pages are cycled
2020-08-19 15:47:14 PM - INFO - crawler: 600004 finished
2020-08-19 15:47:14 PM - INFO - crawler: handling 600006
2020-08-19 15:47:15 PM - INFO - crawler: start cycling page
2020-08-19 15:48:16 PM - INFO - crawler: 42 pages are cycled
2020-08-19 15:48:16 PM - INFO - crawler: 600006 finished
2020-08-19 15:48:16 PM - INFO - crawler: handling 600009
2020-08-19 15:48:16 PM - INFO - crawler: start cycling page
2020-08-19 15:48:58 PM - INFO - crawler: 27 pages are cycled
2020-08-19 15:48:58 PM - INFO - crawler: 600009 finished
2020-08-19 15:48:58 PM - INFO - crawler: handling 600011
2020-08-19 15:48:59 PM - INFO - crawler: start cycling page
2020-08-19 15:50:42 PM - INFO - crawler: 83 pages are cycled
2020-08-19 15:50:42 PM - INFO - crawler: 600011 finished
2020-08-19 15:50:42 PM - INFO - crawler: handling 600012
2020-08-19 15:50:42 PM - INFO - crawler: start cycling page
2020-08-19 15:51:55 PM - INFO - crawler: 56 pages are cycled
2020-08-19 15:51:55 PM - INFO - crawler: 600012 finished
2020-08-19 15:51:55 PM - INFO - crawler: handling 600015
2020-08-19 15:51:56 PM - INFO - crawler: start cycling page
2020-08-19 15:52:41 PM - INFO - crawler: 31 pages are cycled
2020-08-19 15:52:41 PM - INFO - crawler: 600015 finished
2020-08-19 15:52:41 PM - INFO - crawler: handling 600016
2020-08-19 15:52:42 PM - INFO - crawler: start cycling page
2020-08-19 15:54:25 PM - INFO - crawler: 89 pages are cycled
2020-08-19 15:54:25 PM - INFO - crawler: 600016 finished
2020-08-19 15:54:25 PM - INFO - crawler: Process finish
2020-08-19 15:54:25 PM - INFO - crawler: Refactored and cleaned up

2020-08-19 15:54:25 PM - INFO - url_crawler: Script finished

2020-08-19 15:57:05 PM - INFO - url_crawler: Script started

2020-08-19 15:57:05 PM - INFO - crawler: handling 000001
2020-08-19 15:57:06 PM - INFO - crawler: start cycling page
2020-08-19 17:28:27 PM - INFO - url_crawler: Script started

2020-08-19 17:28:28 PM - INFO - crawler: handling 000001
2020-08-19 17:28:29 PM - INFO - crawler: start cycling page
2020-08-19 17:29:33 PM - INFO - crawler: 49 pages are cycled
2020-08-19 17:29:33 PM - INFO - crawler: released memory space from rurl_list
2020-08-19 17:29:33 PM - INFO - crawler: prepare to write 000001
2020-08-19 17:30:18 PM - INFO - url_crawler: Script started

2020-08-19 17:30:18 PM - INFO - crawler: handling 000001
2020-08-19 17:30:19 PM - INFO - crawler: start cycling page
2020-08-19 17:31:32 PM - INFO - url_crawler: Script started

2020-08-19 17:36:19 PM - INFO - url_crawler: Script started

2020-08-19 17:36:22 PM - INFO - url_crawler: Script started

2020-08-19 17:36:22 PM - INFO - crawler: handling 000001
2020-08-19 17:36:23 PM - INFO - crawler: start cycling page
2020-08-19 17:37:34 PM - INFO - crawler: 49 pages are cycled
2020-08-19 17:37:34 PM - INFO - crawler: released memory space from rurl_list
2020-08-19 17:37:34 PM - INFO - crawler: prepare to write 000001
2020-08-19 17:37:34 PM - INFO - crawler: 41 new report are updated
2020-08-19 17:37:34 PM - INFO - crawler: released memory space from report_list
2020-08-19 17:37:34 PM - INFO - crawler: 000001 finished
2020-08-19 17:37:34 PM - INFO - crawler: handling 000002
2020-08-19 17:37:36 PM - INFO - crawler: start cycling page
2020-08-19 17:39:20 PM - INFO - crawler: 86 pages are cycled
2020-08-19 17:39:20 PM - INFO - crawler: released memory space from rurl_list
2020-08-19 17:39:20 PM - INFO - crawler: prepare to write 000002
2020-08-19 17:39:20 PM - INFO - crawler: 44 new report are updated
2020-08-19 17:39:20 PM - INFO - crawler: released memory space from report_list
2020-08-19 17:39:20 PM - INFO - crawler: 000002 finished
2020-08-19 17:39:20 PM - INFO - crawler: handling 000006
2020-08-19 17:39:20 PM - INFO - crawler: start cycling page
2020-08-19 17:40:21 PM - INFO - crawler: 40 pages are cycled
2020-08-19 17:40:21 PM - INFO - crawler: released memory space from rurl_list
2020-08-19 17:40:21 PM - INFO - crawler: prepare to write 000006
2020-08-19 17:40:21 PM - INFO - crawler: 41 new report are updated
2020-08-19 17:40:21 PM - INFO - crawler: released memory space from report_list
2020-08-19 17:40:21 PM - INFO - crawler: 000006 finished
2020-08-19 17:40:21 PM - INFO - crawler: handling 000011
2020-08-19 17:40:21 PM - INFO - crawler: start cycling page
2020-08-19 17:41:15 PM - INFO - crawler: 36 pages are cycled
2020-08-19 17:41:15 PM - INFO - crawler: released memory space from rurl_list
2020-08-19 17:41:15 PM - INFO - crawler: prepare to write 000011
2020-08-19 17:41:15 PM - INFO - crawler: 42 new report are updated
2020-08-19 17:41:15 PM - INFO - crawler: released memory space from report_list
2020-08-19 17:41:15 PM - INFO - crawler: 000011 finished
2020-08-19 17:41:15 PM - INFO - crawler: handling 000012
2020-08-19 17:41:15 PM - INFO - crawler: start cycling page
2020-08-19 17:42:22 PM - INFO - crawler: 56 pages are cycled
2020-08-19 17:42:22 PM - INFO - crawler: released memory space from rurl_list
2020-08-19 17:42:22 PM - INFO - crawler: prepare to write 000012
2020-08-19 17:42:22 PM - INFO - crawler: 41 new report are updated
2020-08-19 17:42:22 PM - INFO - crawler: released memory space from report_list
2020-08-19 17:42:22 PM - INFO - crawler: 000012 finished
2020-08-19 17:42:22 PM - INFO - crawler: handling 000014
2020-08-19 17:42:22 PM - INFO - crawler: start cycling page
2020-08-19 17:43:07 PM - INFO - crawler: 29 pages are cycled
2020-08-19 17:43:07 PM - INFO - crawler: released memory space from rurl_list
2020-08-19 17:43:07 PM - INFO - crawler: prepare to write 000014
2020-08-19 17:43:07 PM - INFO - crawler: 41 new report are updated
2020-08-19 17:43:07 PM - INFO - crawler: released memory space from report_list
2020-08-19 17:43:07 PM - INFO - crawler: 000014 finished
2020-08-19 17:43:07 PM - INFO - crawler: handling 000016
2020-08-19 17:43:08 PM - INFO - crawler: start cycling page
2020-08-19 17:44:24 PM - INFO - crawler: 59 pages are cycled
2020-08-19 17:44:24 PM - INFO - crawler: released memory space from rurl_list
2020-08-19 17:44:24 PM - INFO - crawler: prepare to write 000016
2020-08-19 17:44:24 PM - INFO - crawler: 41 new report are updated
2020-08-19 17:44:24 PM - INFO - crawler: released memory space from report_list
2020-08-19 17:44:24 PM - INFO - crawler: 000016 finished
2020-08-19 17:44:24 PM - INFO - crawler: handling 000019
2020-08-19 17:44:25 PM - INFO - crawler: start cycling page
2020-08-19 17:45:35 PM - INFO - crawler: 57 pages are cycled
2020-08-19 17:45:35 PM - INFO - crawler: released memory space from rurl_list
2020-08-19 17:45:35 PM - INFO - crawler: prepare to write 000019
2020-08-19 17:45:35 PM - INFO - crawler: 41 new report are updated
2020-08-19 17:45:35 PM - INFO - crawler: released memory space from report_list
2020-08-19 17:45:35 PM - INFO - crawler: 000019 finished
2020-08-19 17:45:35 PM - INFO - crawler: handling 000020
2020-08-19 17:45:36 PM - INFO - crawler: start cycling page
2020-08-19 17:46:35 PM - INFO - crawler: 46 pages are cycled
2020-08-19 17:46:35 PM - INFO - crawler: released memory space from rurl_list
2020-08-19 17:46:35 PM - INFO - crawler: prepare to write 000020
2020-08-19 17:46:35 PM - INFO - crawler: 40 new report are updated
2020-08-19 17:46:35 PM - INFO - crawler: released memory space from report_list
2020-08-19 17:46:35 PM - INFO - crawler: 000020 finished
2020-08-19 17:46:35 PM - INFO - crawler: handling 002001
2020-08-19 17:46:36 PM - INFO - crawler: start cycling page
2020-08-19 17:47:33 PM - INFO - crawler: 37 pages are cycled
2020-08-19 17:47:33 PM - INFO - crawler: released memory space from rurl_list
2020-08-19 17:47:33 PM - INFO - crawler: prepare to write 002001
2020-08-19 17:47:33 PM - INFO - crawler: 41 new report are updated
2020-08-19 17:47:33 PM - INFO - crawler: released memory space from report_list
2020-08-19 17:47:33 PM - INFO - crawler: 002001 finished
2020-08-19 17:47:33 PM - INFO - crawler: handling 002003
2020-08-19 17:47:34 PM - INFO - crawler: start cycling page
2020-08-19 17:48:39 PM - INFO - crawler: 45 pages are cycled
2020-08-19 17:48:39 PM - INFO - crawler: released memory space from rurl_list
2020-08-19 17:48:39 PM - INFO - crawler: prepare to write 002003
2020-08-19 17:48:39 PM - INFO - crawler: 41 new report are updated
2020-08-19 17:48:39 PM - INFO - crawler: released memory space from report_list
2020-08-19 17:48:39 PM - INFO - crawler: 002003 finished
2020-08-19 17:48:39 PM - INFO - crawler: handling 002005
2020-08-19 17:48:40 PM - INFO - crawler: start cycling page
2020-08-19 17:50:08 PM - INFO - crawler: 75 pages are cycled
2020-08-19 17:50:08 PM - INFO - crawler: released memory space from rurl_list
2020-08-19 17:50:08 PM - INFO - crawler: prepare to write 002005
2020-08-19 17:50:08 PM - INFO - crawler: 41 new report are updated
2020-08-19 17:50:08 PM - INFO - crawler: released memory space from report_list
2020-08-19 17:50:08 PM - INFO - crawler: 002005 finished
2020-08-19 17:50:08 PM - INFO - crawler: handling 300001
2020-08-19 17:50:09 PM - INFO - crawler: start cycling page
2020-08-19 17:51:15 PM - INFO - crawler: 68 pages are cycled
2020-08-19 17:51:15 PM - INFO - crawler: released memory space from rurl_list
2020-08-19 17:51:15 PM - INFO - crawler: prepare to write 300001
2020-08-19 17:51:15 PM - INFO - crawler: 41 new report are updated
2020-08-19 17:51:15 PM - INFO - crawler: released memory space from report_list
2020-08-19 17:51:15 PM - INFO - crawler: 300001 finished
2020-08-19 17:51:15 PM - INFO - crawler: handling 300002
2020-08-19 17:51:16 PM - INFO - crawler: start cycling page
2020-08-19 17:52:44 PM - INFO - crawler: 64 pages are cycled
2020-08-19 17:52:44 PM - INFO - crawler: released memory space from rurl_list
2020-08-19 17:52:44 PM - INFO - crawler: prepare to write 300002
2020-08-19 17:52:44 PM - INFO - crawler: 41 new report are updated
2020-08-19 17:52:44 PM - INFO - crawler: released memory space from report_list
2020-08-19 17:52:44 PM - INFO - crawler: 300002 finished
2020-08-19 17:52:44 PM - INFO - crawler: handling 300003
2020-08-19 17:52:45 PM - INFO - crawler: start cycling page
2020-08-19 17:54:13 PM - INFO - crawler: 72 pages are cycled
2020-08-19 17:54:13 PM - INFO - crawler: released memory space from rurl_list
2020-08-19 17:54:13 PM - INFO - crawler: prepare to write 300003
2020-08-19 17:54:13 PM - INFO - crawler: 41 new report are updated
2020-08-19 17:54:13 PM - INFO - crawler: released memory space from report_list
2020-08-19 17:54:13 PM - INFO - crawler: 300003 finished
2020-08-19 17:54:13 PM - INFO - crawler: handling 300005
2020-08-19 17:54:14 PM - INFO - crawler: start cycling page
2020-08-19 17:55:36 PM - INFO - crawler: 65 pages are cycled
2020-08-19 17:55:36 PM - INFO - crawler: released memory space from rurl_list
2020-08-19 17:55:36 PM - INFO - crawler: prepare to write 300005
2020-08-19 17:55:36 PM - INFO - crawler: 41 new report are updated
2020-08-19 17:55:36 PM - INFO - crawler: released memory space from report_list
2020-08-19 17:55:36 PM - INFO - crawler: 300005 finished
2020-08-19 17:55:36 PM - INFO - crawler: handling 600000
2020-08-19 17:55:37 PM - INFO - crawler: start cycling page
2020-08-19 17:56:42 PM - INFO - crawler: 48 pages are cycled
2020-08-19 17:56:42 PM - INFO - crawler: released memory space from rurl_list
2020-08-19 17:56:42 PM - INFO - crawler: prepare to write 600000
2020-08-19 17:56:42 PM - INFO - crawler: 41 new report are updated
2020-08-19 17:56:42 PM - INFO - crawler: released memory space from report_list
2020-08-19 17:56:42 PM - INFO - crawler: 600000 finished
2020-08-19 17:56:42 PM - INFO - crawler: handling 600004
2020-08-19 17:56:43 PM - INFO - crawler: start cycling page
2020-08-19 17:57:30 PM - INFO - crawler: 37 pages are cycled
2020-08-19 17:57:30 PM - INFO - crawler: released memory space from rurl_list
2020-08-19 17:57:30 PM - INFO - crawler: prepare to write 600004
2020-08-19 17:57:30 PM - INFO - crawler: 41 new report are updated
2020-08-19 17:57:30 PM - INFO - crawler: released memory space from report_list
2020-08-19 17:57:30 PM - INFO - crawler: 600004 finished
2020-08-19 17:57:30 PM - INFO - crawler: handling 600006
2020-08-19 17:57:31 PM - INFO - crawler: start cycling page
2020-08-19 17:58:26 PM - INFO - crawler: 42 pages are cycled
2020-08-19 17:58:26 PM - INFO - crawler: released memory space from rurl_list
2020-08-19 17:58:26 PM - INFO - crawler: prepare to write 600006
2020-08-19 17:58:26 PM - INFO - crawler: 41 new report are updated
2020-08-19 17:58:26 PM - INFO - crawler: released memory space from report_list
2020-08-19 17:58:26 PM - INFO - crawler: 600006 finished
2020-08-19 17:58:26 PM - INFO - crawler: handling 600009
2020-08-19 17:58:27 PM - INFO - crawler: start cycling page
2020-08-19 17:59:05 PM - INFO - crawler: 27 pages are cycled
2020-08-19 17:59:05 PM - INFO - crawler: released memory space from rurl_list
2020-08-19 17:59:05 PM - INFO - crawler: prepare to write 600009
2020-08-19 17:59:05 PM - INFO - crawler: 41 new report are updated
2020-08-19 17:59:05 PM - INFO - crawler: released memory space from report_list
2020-08-19 17:59:05 PM - INFO - crawler: 600009 finished
2020-08-19 17:59:05 PM - INFO - crawler: handling 600011
2020-08-19 17:59:06 PM - INFO - crawler: start cycling page
2020-08-19 18:00:44 PM - INFO - crawler: 83 pages are cycled
2020-08-19 18:00:44 PM - INFO - crawler: released memory space from rurl_list
2020-08-19 18:00:44 PM - INFO - crawler: prepare to write 600011
2020-08-19 18:00:44 PM - INFO - crawler: 56 new report are updated
2020-08-19 18:00:44 PM - INFO - crawler: released memory space from report_list
2020-08-19 18:00:44 PM - INFO - crawler: 600011 finished
2020-08-19 18:00:44 PM - INFO - crawler: handling 600012
2020-08-19 18:00:45 PM - INFO - crawler: start cycling page
2020-08-19 18:02:01 PM - INFO - crawler: 56 pages are cycled
2020-08-19 18:02:01 PM - INFO - crawler: released memory space from rurl_list
2020-08-19 18:02:01 PM - INFO - crawler: prepare to write 600012
2020-08-19 18:02:01 PM - INFO - crawler: 55 new report are updated
2020-08-19 18:02:01 PM - INFO - crawler: released memory space from report_list
2020-08-19 18:02:01 PM - INFO - crawler: 600012 finished
2020-08-19 18:02:01 PM - INFO - crawler: handling 600015
2020-08-19 18:02:01 PM - INFO - crawler: start cycling page
2020-08-19 18:02:47 PM - INFO - crawler: 31 pages are cycled
2020-08-19 18:02:47 PM - INFO - crawler: released memory space from rurl_list
2020-08-19 18:02:47 PM - INFO - crawler: prepare to write 600015
2020-08-19 18:02:47 PM - INFO - crawler: 42 new report are updated
2020-08-19 18:02:47 PM - INFO - crawler: released memory space from report_list
2020-08-19 18:02:47 PM - INFO - crawler: 600015 finished
2020-08-19 18:02:47 PM - INFO - crawler: handling 600016
2020-08-19 18:02:47 PM - INFO - crawler: start cycling page
2020-08-19 18:04:36 PM - INFO - crawler: 89 pages are cycled
2020-08-19 18:04:36 PM - INFO - crawler: released memory space from rurl_list
2020-08-19 18:04:36 PM - INFO - crawler: prepare to write 600016
2020-08-19 18:04:36 PM - INFO - crawler: 55 new report are updated
2020-08-19 18:04:36 PM - INFO - crawler: released memory space from report_list
2020-08-19 18:04:36 PM - INFO - crawler: 600016 finished
2020-08-19 18:04:36 PM - INFO - crawler: Process finish
2020-08-19 19:55:30 PM - INFO - url_crawler: Script started

2020-08-19 19:55:30 PM - INFO - crawler: handling 000001
2020-08-19 19:55:31 PM - INFO - crawler: start cycling page
2020-08-19 19:55:35 PM - INFO - crawler: 4 pages are cycled
2020-08-19 19:55:35 PM - INFO - crawler: 000001 finished
2020-08-19 19:55:35 PM - INFO - crawler: handling 000002
2020-08-19 19:55:36 PM - INFO - crawler: start cycling page
2020-08-19 19:55:42 PM - INFO - crawler: 7 pages are cycled
2020-08-19 19:55:42 PM - INFO - crawler: 000002 finished
2020-08-19 19:55:42 PM - INFO - crawler: handling 000006
2020-08-19 19:55:43 PM - INFO - crawler: start cycling page
2020-08-19 19:55:48 PM - INFO - crawler: 4 pages are cycled
2020-08-19 19:55:48 PM - INFO - crawler: 000006 finished
2020-08-19 19:55:48 PM - INFO - crawler: handling 000011
2020-08-19 19:55:49 PM - INFO - crawler: start cycling page
2020-08-19 19:55:53 PM - INFO - crawler: 4 pages are cycled
2020-08-19 19:55:53 PM - INFO - crawler: 000011 finished
2020-08-19 19:55:53 PM - INFO - crawler: handling 000012
2020-08-19 19:55:54 PM - INFO - crawler: start cycling page
2020-08-19 19:56:02 PM - INFO - crawler: 8 pages are cycled
2020-08-19 19:56:02 PM - INFO - crawler: 000012 finished
2020-08-19 19:56:02 PM - INFO - crawler: handling 000014
2020-08-19 19:56:02 PM - INFO - crawler: start cycling page
2020-08-19 19:56:05 PM - INFO - crawler: 3 pages are cycled
2020-08-19 19:56:05 PM - INFO - crawler: 000014 finished
2020-08-19 19:56:05 PM - INFO - crawler: handling 000016
2020-08-19 19:56:06 PM - INFO - crawler: start cycling page
2020-08-19 19:56:13 PM - INFO - crawler: 7 pages are cycled
2020-08-19 19:56:13 PM - INFO - crawler: 000016 finished
2020-08-19 19:56:13 PM - INFO - crawler: handling 000019
2020-08-19 19:56:14 PM - INFO - crawler: start cycling page
2020-08-19 19:56:16 PM - INFO - crawler: 3 pages are cycled
2020-08-19 19:56:16 PM - INFO - crawler: 000019 finished
2020-08-19 19:56:16 PM - INFO - crawler: handling 000020
2020-08-19 19:56:17 PM - INFO - crawler: start cycling page
2020-08-19 19:56:18 PM - INFO - crawler: 2 pages are cycled
2020-08-19 19:56:18 PM - INFO - crawler: 000020 finished
2020-08-19 19:56:18 PM - INFO - crawler: handling 002001
2020-08-19 19:56:19 PM - INFO - crawler: start cycling page
2020-08-19 19:56:23 PM - INFO - crawler: 4 pages are cycled
2020-08-19 19:56:23 PM - INFO - crawler: 002001 finished
2020-08-19 19:56:23 PM - INFO - crawler: handling 002003
2020-08-19 19:56:24 PM - INFO - crawler: start cycling page
2020-08-19 19:56:25 PM - INFO - crawler: 2 pages are cycled
2020-08-19 19:56:25 PM - INFO - crawler: 002003 finished
2020-08-19 19:56:25 PM - INFO - crawler: handling 002005
2020-08-19 19:56:26 PM - INFO - crawler: start cycling page
2020-08-19 19:56:32 PM - INFO - crawler: 7 pages are cycled
2020-08-19 19:56:32 PM - INFO - crawler: 002005 finished
2020-08-19 19:56:32 PM - INFO - crawler: handling 300001
2020-08-19 19:56:33 PM - INFO - crawler: start cycling page
2020-08-19 19:56:35 PM - INFO - crawler: 3 pages are cycled
2020-08-19 19:56:35 PM - INFO - crawler: 300001 finished
2020-08-19 19:56:35 PM - INFO - crawler: handling 300002
2020-08-19 19:56:36 PM - INFO - crawler: start cycling page
2020-08-19 19:56:43 PM - INFO - crawler: 8 pages are cycled
2020-08-19 19:56:43 PM - INFO - crawler: 300002 finished
2020-08-19 19:56:43 PM - INFO - crawler: handling 300003
2020-08-19 19:56:44 PM - INFO - crawler: start cycling page
2020-08-19 19:56:51 PM - INFO - crawler: 8 pages are cycled
2020-08-19 19:56:51 PM - INFO - crawler: 300003 finished
2020-08-19 19:56:51 PM - INFO - crawler: handling 300005
2020-08-19 19:56:52 PM - INFO - crawler: start cycling page
2020-08-19 19:56:56 PM - INFO - crawler: 4 pages are cycled
2020-08-19 19:56:56 PM - INFO - crawler: 300005 finished
2020-08-19 19:56:56 PM - INFO - crawler: handling 600000
2020-08-19 19:56:57 PM - INFO - crawler: start cycling page
2020-08-19 19:57:05 PM - INFO - crawler: 7 pages are cycled
2020-08-19 19:57:05 PM - INFO - crawler: 600000 finished
2020-08-19 19:57:05 PM - INFO - crawler: handling 600004
2020-08-19 19:57:06 PM - INFO - crawler: start cycling page
2020-08-19 19:57:07 PM - INFO - crawler: 3 pages are cycled
2020-08-19 19:57:07 PM - INFO - crawler: 600004 finished
2020-08-19 19:57:07 PM - INFO - crawler: handling 600006
2020-08-19 19:57:08 PM - INFO - crawler: start cycling page
2020-08-19 19:57:12 PM - INFO - crawler: 4 pages are cycled
2020-08-19 19:57:12 PM - INFO - crawler: 600006 finished
2020-08-19 19:57:12 PM - INFO - crawler: handling 600009
2020-08-19 19:57:13 PM - INFO - crawler: start cycling page
2020-08-19 19:57:16 PM - INFO - crawler: 3 pages are cycled
2020-08-19 19:57:16 PM - INFO - crawler: 600009 finished
2020-08-19 19:57:16 PM - INFO - crawler: handling 600011
2020-08-19 19:57:16 PM - INFO - crawler: start cycling page
2020-08-19 19:57:21 PM - INFO - crawler: 4 pages are cycled
2020-08-19 19:57:21 PM - INFO - crawler: 600011 finished
2020-08-19 19:57:21 PM - INFO - crawler: handling 600012
2020-08-19 19:57:22 PM - INFO - crawler: start cycling page
2020-08-19 19:57:26 PM - INFO - crawler: 4 pages are cycled
2020-08-19 19:57:26 PM - INFO - crawler: 600012 finished
2020-08-19 19:57:26 PM - INFO - crawler: handling 600015
2020-08-19 19:57:27 PM - INFO - crawler: start cycling page
2020-08-19 19:57:30 PM - INFO - crawler: 3 pages are cycled
2020-08-19 19:57:30 PM - INFO - crawler: 600015 finished
2020-08-19 19:57:30 PM - INFO - crawler: handling 600016
2020-08-19 19:57:31 PM - INFO - crawler: start cycling page
2020-08-19 19:57:35 PM - INFO - crawler: 5 pages are cycled
2020-08-19 19:57:35 PM - INFO - crawler: 600016 finished
2020-08-19 19:57:35 PM - INFO - crawler: Process finish
2020-08-19 19:57:35 PM - INFO - crawler: Refactored and cleaned up

2020-08-19 19:57:35 PM - INFO - url_crawler: Script finished

2020-08-26 21:04:00 PM - INFO - url_crawler: Script started

2020-08-26 21:04:00 PM - INFO - crawler: handling 000001
2020-08-26 21:04:01 PM - INFO - crawler: start cycling page
2020-08-26 21:05:15 PM - INFO - url_crawler: Script started

2020-08-26 21:05:15 PM - INFO - crawler: handling 000001
2020-08-26 21:05:16 PM - INFO - crawler: start cycling page
2020-08-26 21:15:08 PM - INFO - url_crawler: Script started

2020-08-26 21:15:08 PM - INFO - crawler: handling 000001
2020-08-26 21:15:22 PM - INFO - url_crawler: Script started

2020-08-26 21:15:22 PM - INFO - crawler: handling 000001
2020-08-26 21:15:23 PM - INFO - crawler: start cycling page
2020-08-27 16:32:42 PM - INFO - url_crawler: Script started

2020-08-27 16:32:42 PM - INFO - crawler: handling 000001
2020-08-27 16:32:43 PM - INFO - crawler: start cycling page
2020-08-27 16:32:59 PM - INFO - url_crawler: Script started

2020-08-27 16:32:59 PM - INFO - crawler: handling 000001
2020-08-27 16:33:00 PM - INFO - crawler: start cycling page
