2021-07-12 13:11:08 PM - WARNING - utils: Error occurred during loading data. Trying to use cache server https://fake-useragent.herokuapp.com/browsers/0.1.11
Traceback (most recent call last):
  File "C:\Python38\lib\site-packages\fake_useragent\utils.py", line 154, in load
    for item in get_browsers(verify_ssl=verify_ssl):
  File "C:\Python38\lib\site-packages\fake_useragent\utils.py", line 99, in get_browsers
    html = html.split('<table class="w3-table-all notranslate">')[1]
IndexError: list index out of range
2021-07-12 13:11:10 PM - INFO - agent: Response acquired
2021-07-12 13:11:15 PM - INFO - indeed: Current Page: 0;Number of job posts fetched in current page : 15;Number of job posts fetched in total : 15;Number of job posts remained to fetched : 9489
2021-07-12 13:11:15 PM - INFO - indeed: Pause for 166
2021-07-12 13:14:01 PM - INFO - agent: Response acquired
2021-07-12 13:14:01 PM - INFO - indeed: Current Page: 1;Number of job posts fetched in current page : 15;Number of job posts fetched in total : 30;Number of job posts remained to fetched : 9474
2021-07-12 13:14:01 PM - INFO - indeed: Pause for 151
2021-07-12 13:16:33 PM - INFO - agent: Response acquired
2021-07-12 13:16:33 PM - INFO - indeed: Current Page: 2;Number of job posts fetched in current page : 15;Number of job posts fetched in total : 45;Number of job posts remained to fetched : 9459
2021-07-12 13:16:33 PM - INFO - indeed: Pause for 126
2021-07-12 13:18:40 PM - INFO - agent: Response acquired
2021-07-12 13:18:40 PM - INFO - indeed: Current Page: 3;Number of job posts fetched in current page : 15;Number of job posts fetched in total : 60;Number of job posts remained to fetched : 9444
2021-07-12 13:18:40 PM - INFO - indeed: Pause for 177
2021-07-12 13:21:37 PM - INFO - agent: Response acquired
2021-07-12 13:21:37 PM - INFO - indeed: Current Page: 4;Number of job posts fetched in current page : 15;Number of job posts fetched in total : 75;Number of job posts remained to fetched : 9429
2021-07-12 13:21:37 PM - INFO - indeed: Pause for 122
2021-07-12 13:23:40 PM - INFO - agent: Response acquired
2021-07-12 13:23:40 PM - INFO - indeed: Current Page: 5;Number of job posts fetched in current page : 15;Number of job posts fetched in total : 90;Number of job posts remained to fetched : 9414
2021-07-12 13:23:40 PM - INFO - indeed: Pause for 149
2021-07-12 13:26:10 PM - INFO - agent: Response acquired
2021-07-12 13:26:14 PM - INFO - indeed: Current Page: 6;Number of job posts fetched in current page : 15;Number of job posts fetched in total : 105;Number of job posts remained to fetched : 9399
2021-07-12 13:26:14 PM - INFO - indeed: Pause for 130
2021-07-12 13:28:24 PM - INFO - agent: Response acquired
2021-07-12 13:28:26 PM - INFO - indeed: Current Page: 7;Number of job posts fetched in current page : 15;Number of job posts fetched in total : 120;Number of job posts remained to fetched : 9384
2021-07-12 13:28:26 PM - INFO - indeed: Pause for 131
2021-07-12 13:30:37 PM - INFO - agent: Response acquired
2021-07-12 13:30:37 PM - INFO - indeed: Current Page: 8;Number of job posts fetched in current page : 15;Number of job posts fetched in total : 135;Number of job posts remained to fetched : 9369
2021-07-12 13:30:37 PM - INFO - indeed: Pause for 173
2021-07-12 13:33:31 PM - INFO - agent: Response acquired
2021-07-12 13:33:31 PM - INFO - indeed: Current Page: 9;Number of job posts fetched in current page : 15;Number of job posts fetched in total : 150;Number of job posts remained to fetched : 9354
2021-07-12 13:33:31 PM - INFO - indeed: Pause for 157
2021-07-12 13:36:08 PM - INFO - agent: Response acquired
2021-07-12 13:36:09 PM - INFO - indeed: Current Page: 10;Number of job posts fetched in current page : 15;Number of job posts fetched in total : 165;Number of job posts remained to fetched : 9339
2021-07-12 13:36:09 PM - INFO - indeed: Pause for 137
2021-07-12 13:38:26 PM - INFO - agent: Response acquired
2021-07-12 13:38:26 PM - INFO - indeed: Current Page: 11;Number of job posts fetched in current page : 15;Number of job posts fetched in total : 180;Number of job posts remained to fetched : 9324
2021-07-12 13:38:26 PM - INFO - indeed: Pause for 134
2021-07-12 13:40:41 PM - INFO - agent: Response acquired
2021-07-12 13:40:41 PM - INFO - indeed: Current Page: 12;Number of job posts fetched in current page : 15;Number of job posts fetched in total : 195;Number of job posts remained to fetched : 9309
2021-07-12 13:40:41 PM - INFO - indeed: Pause for 169
2021-07-12 13:43:30 PM - INFO - agent: Response acquired
2021-07-12 13:43:31 PM - INFO - indeed: Current Page: 13;Number of job posts fetched in current page : 15;Number of job posts fetched in total : 210;Number of job posts remained to fetched : 9294
2021-07-12 13:43:31 PM - INFO - indeed: Pause for 161
2021-07-12 13:46:12 PM - INFO - agent: Response acquired
2021-07-12 13:46:16 PM - INFO - indeed: Current Page: 14;Number of job posts fetched in current page : 15;Number of job posts fetched in total : 225;Number of job posts remained to fetched : 9279
2021-07-12 13:46:16 PM - INFO - indeed: Pause for 148
2021-07-12 13:48:45 PM - INFO - agent: Response acquired
2021-07-12 13:48:45 PM - INFO - indeed: Current Page: 15;Number of job posts fetched in current page : 15;Number of job posts fetched in total : 240;Number of job posts remained to fetched : 9264
2021-07-12 13:48:45 PM - INFO - indeed: Pause for 138
2021-07-12 13:51:03 PM - INFO - agent: Response acquired
2021-07-12 13:51:03 PM - INFO - indeed: Current Page: 16;Number of job posts fetched in current page : 15;Number of job posts fetched in total : 255;Number of job posts remained to fetched : 9249
2021-07-12 13:51:03 PM - INFO - indeed: Pause for 154
2021-07-12 13:53:38 PM - INFO - agent: Response acquired
2021-07-12 13:53:38 PM - INFO - indeed: Current Page: 17;Number of job posts fetched in current page : 15;Number of job posts fetched in total : 270;Number of job posts remained to fetched : 9234
2021-07-12 13:53:38 PM - INFO - indeed: Pause for 178
2021-07-12 13:56:37 PM - INFO - agent: Response acquired
2021-07-12 13:56:37 PM - INFO - indeed: Current Page: 18;Number of job posts fetched in current page : 15;Number of job posts fetched in total : 285;Number of job posts remained to fetched : 9219
2021-07-12 13:56:37 PM - INFO - indeed: Pause for 135
2021-07-12 13:58:52 PM - INFO - agent: Response acquired
2021-07-12 13:58:56 PM - INFO - indeed: Current Page: 19;Number of job posts fetched in current page : 15;Number of job posts fetched in total : 300;Number of job posts remained to fetched : 9204
2021-07-12 13:58:56 PM - INFO - indeed: Pause for 177
2021-07-12 14:01:54 PM - INFO - agent: Response acquired
2021-07-12 14:01:54 PM - INFO - indeed: Current Page: 20;Number of job posts fetched in current page : 15;Number of job posts fetched in total : 315;Number of job posts remained to fetched : 9189
2021-07-12 14:01:54 PM - INFO - indeed: Pause for 124
2021-07-12 14:03:59 PM - INFO - agent: Response acquired
2021-07-12 14:03:59 PM - INFO - indeed: Current Page: 21;Number of job posts fetched in current page : 15;Number of job posts fetched in total : 330;Number of job posts remained to fetched : 9174
2021-07-12 14:03:59 PM - INFO - indeed: Pause for 128
2021-07-12 14:06:07 PM - INFO - agent: Response acquired
2021-07-12 14:06:07 PM - INFO - indeed: Current Page: 22;Number of job posts fetched in current page : 15;Number of job posts fetched in total : 345;Number of job posts remained to fetched : 9159
2021-07-12 14:06:07 PM - INFO - indeed: Pause for 139
2021-07-12 14:08:27 PM - INFO - agent: Response acquired
2021-07-12 14:08:27 PM - INFO - indeed: Current Page: 23;Number of job posts fetched in current page : 15;Number of job posts fetched in total : 360;Number of job posts remained to fetched : 9144
2021-07-12 14:08:27 PM - INFO - indeed: Pause for 170
2021-07-12 14:11:18 PM - INFO - agent: Response acquired
2021-07-12 14:11:18 PM - INFO - indeed: Current Page: 24;Number of job posts fetched in current page : 15;Number of job posts fetched in total : 375;Number of job posts remained to fetched : 9129
2021-07-12 14:11:18 PM - INFO - indeed: Pause for 147
2021-07-12 14:13:45 PM - INFO - agent: Response acquired
2021-07-12 14:13:45 PM - INFO - indeed: Current Page: 25;Number of job posts fetched in current page : 15;Number of job posts fetched in total : 390;Number of job posts remained to fetched : 9114
2021-07-12 14:13:45 PM - INFO - indeed: Pause for 146
2021-07-12 14:16:12 PM - INFO - agent: Response acquired
2021-07-12 14:16:12 PM - INFO - indeed: Current Page: 26;Number of job posts fetched in current page : 15;Number of job posts fetched in total : 405;Number of job posts remained to fetched : 9099
2021-07-12 14:16:12 PM - INFO - indeed: Pause for 160
2021-07-12 14:18:53 PM - INFO - agent: Response acquired
2021-07-12 14:18:53 PM - INFO - indeed: Current Page: 27;Number of job posts fetched in current page : 15;Number of job posts fetched in total : 420;Number of job posts remained to fetched : 9084
2021-07-12 14:18:53 PM - INFO - indeed: Pause for 153
2021-07-12 14:21:26 PM - INFO - agent: Response acquired
2021-07-12 14:21:27 PM - INFO - indeed: Current Page: 28;Number of job posts fetched in current page : 15;Number of job posts fetched in total : 435;Number of job posts remained to fetched : 9069
2021-07-12 14:21:27 PM - INFO - indeed: Pause for 152
2021-07-12 14:23:59 PM - INFO - agent: Response acquired
2021-07-12 14:23:59 PM - INFO - indeed: Current Page: 29;Number of job posts fetched in current page : 15;Number of job posts fetched in total : 450;Number of job posts remained to fetched : 9054
2021-07-12 14:23:59 PM - INFO - indeed: Pause for 147
2021-07-12 14:26:27 PM - INFO - agent: Response acquired
2021-07-12 14:26:27 PM - INFO - indeed: Current Page: 30;Number of job posts fetched in current page : 15;Number of job posts fetched in total : 465;Number of job posts remained to fetched : 9039
2021-07-12 14:26:27 PM - INFO - indeed: Pause for 162
2021-07-12 14:29:10 PM - INFO - agent: Response acquired
2021-07-12 14:29:10 PM - INFO - indeed: Current Page: 31;Number of job posts fetched in current page : 15;Number of job posts fetched in total : 480;Number of job posts remained to fetched : 9024
2021-07-12 14:29:10 PM - INFO - indeed: Pause for 123
2021-07-12 14:31:13 PM - INFO - agent: Response acquired
2021-07-12 14:31:13 PM - INFO - indeed: Current Page: 32;Number of job posts fetched in current page : 15;Number of job posts fetched in total : 495;Number of job posts remained to fetched : 9009
2021-07-12 14:31:13 PM - INFO - indeed: Pause for 142
2021-07-12 14:33:36 PM - INFO - agent: Response acquired
2021-07-12 14:33:40 PM - INFO - indeed: Current Page: 33;Number of job posts fetched in current page : 15;Number of job posts fetched in total : 510;Number of job posts remained to fetched : 8994
2021-07-12 14:33:40 PM - INFO - indeed: Pause for 138
2021-07-12 14:35:58 PM - INFO - agent: Response acquired
2021-07-12 14:35:58 PM - INFO - indeed: Current Page: 34;Number of job posts fetched in current page : 15;Number of job posts fetched in total : 525;Number of job posts remained to fetched : 8979
2021-07-12 14:35:58 PM - INFO - indeed: Pause for 156
2021-07-12 14:38:35 PM - INFO - agent: Response acquired
2021-07-12 14:38:35 PM - INFO - indeed: Current Page: 35;Number of job posts fetched in current page : 15;Number of job posts fetched in total : 540;Number of job posts remained to fetched : 8964
2021-07-12 14:38:35 PM - INFO - indeed: Pause for 123
2021-07-12 14:40:38 PM - INFO - agent: Response acquired
2021-07-12 14:40:42 PM - INFO - indeed: Current Page: 36;Number of job posts fetched in current page : 15;Number of job posts fetched in total : 555;Number of job posts remained to fetched : 8949
2021-07-12 14:40:42 PM - INFO - indeed: Pause for 148
2021-07-12 14:43:11 PM - INFO - agent: Response acquired
2021-07-12 14:43:11 PM - INFO - indeed: Current Page: 37;Number of job posts fetched in current page : 15;Number of job posts fetched in total : 570;Number of job posts remained to fetched : 8934
2021-07-12 14:43:11 PM - INFO - indeed: Pause for 153
2021-07-12 14:45:45 PM - INFO - agent: Response acquired
2021-07-12 14:45:45 PM - INFO - indeed: Current Page: 38;Number of job posts fetched in current page : 15;Number of job posts fetched in total : 585;Number of job posts remained to fetched : 8919
2021-07-12 14:45:45 PM - INFO - indeed: Pause for 159
2021-07-12 14:48:24 PM - INFO - agent: Response acquired
2021-07-12 14:48:24 PM - INFO - indeed: Current Page: 39;Number of job posts fetched in current page : 15;Number of job posts fetched in total : 600;Number of job posts remained to fetched : 8904
2021-07-12 14:48:24 PM - INFO - indeed: Pause for 173
2021-07-12 14:51:18 PM - INFO - agent: Response acquired
2021-07-12 14:51:18 PM - INFO - indeed: Current Page: 40;Number of job posts fetched in current page : 15;Number of job posts fetched in total : 615;Number of job posts remained to fetched : 8889
2021-07-12 14:51:18 PM - INFO - indeed: Pause for 133
2021-07-12 14:53:32 PM - INFO - agent: Response acquired
2021-07-12 14:53:32 PM - INFO - indeed: Current Page: 41;Number of job posts fetched in current page : 15;Number of job posts fetched in total : 630;Number of job posts remained to fetched : 8874
2021-07-12 14:53:32 PM - INFO - indeed: Pause for 155
2021-07-12 14:56:09 PM - INFO - agent: Response acquired
2021-07-12 14:56:09 PM - INFO - indeed: Current Page: 42;Number of job posts fetched in current page : 15;Number of job posts fetched in total : 645;Number of job posts remained to fetched : 8859
2021-07-12 14:56:09 PM - INFO - indeed: Pause for 120
2021-07-12 14:58:09 PM - INFO - agent: Response acquired
2021-07-12 14:58:09 PM - INFO - indeed: Current Page: 43;Number of job posts fetched in current page : 15;Number of job posts fetched in total : 660;Number of job posts remained to fetched : 8844
2021-07-12 14:58:09 PM - INFO - indeed: Pause for 125
2021-07-12 15:00:15 PM - INFO - agent: Response acquired
2021-07-12 15:00:15 PM - INFO - indeed: Current Page: 44;Number of job posts fetched in current page : 15;Number of job posts fetched in total : 675;Number of job posts remained to fetched : 8829
2021-07-12 15:00:15 PM - INFO - indeed: Pause for 169
2021-07-12 15:03:05 PM - INFO - agent: Response acquired
2021-07-12 15:03:05 PM - INFO - indeed: Current Page: 45;Number of job posts fetched in current page : 15;Number of job posts fetched in total : 690;Number of job posts remained to fetched : 8814
2021-07-12 15:03:05 PM - INFO - indeed: Pause for 173
2021-07-12 15:05:58 PM - INFO - agent: Response acquired
2021-07-12 15:05:58 PM - INFO - indeed: Current Page: 46;Number of job posts fetched in current page : 15;Number of job posts fetched in total : 705;Number of job posts remained to fetched : 8799
2021-07-12 15:05:58 PM - INFO - indeed: Pause for 121
2021-07-12 15:08:00 PM - INFO - agent: Response acquired
2021-07-12 15:08:00 PM - INFO - indeed: Current Page: 47;Number of job posts fetched in current page : 15;Number of job posts fetched in total : 720;Number of job posts remained to fetched : 8784
2021-07-12 15:08:00 PM - INFO - indeed: Pause for 151
2021-07-12 15:10:32 PM - INFO - agent: Response acquired
2021-07-12 15:10:32 PM - INFO - indeed: Current Page: 48;Number of job posts fetched in current page : 15;Number of job posts fetched in total : 735;Number of job posts remained to fetched : 8769
2021-07-12 15:10:32 PM - INFO - indeed: Pause for 136
2021-07-12 15:12:48 PM - INFO - agent: Response acquired
2021-07-12 15:12:48 PM - INFO - indeed: Current Page: 49;Number of job posts fetched in current page : 15;Number of job posts fetched in total : 750;Number of job posts remained to fetched : 8754
2021-07-12 15:12:48 PM - INFO - indeed: Pause for 176
2021-07-12 15:15:45 PM - INFO - agent: Response acquired
2021-07-12 15:15:45 PM - INFO - indeed: Current Page: 50;Number of job posts fetched in current page : 15;Number of job posts fetched in total : 765;Number of job posts remained to fetched : 8739
2021-07-12 15:15:45 PM - INFO - indeed: Pause for 146
2021-07-12 15:18:12 PM - INFO - agent: Response acquired
2021-07-12 15:18:12 PM - INFO - indeed: Current Page: 51;Number of job posts fetched in current page : 15;Number of job posts fetched in total : 780;Number of job posts remained to fetched : 8724
2021-07-12 15:18:12 PM - INFO - indeed: Pause for 156
2021-07-12 15:20:49 PM - INFO - agent: Response acquired
2021-07-12 15:20:49 PM - INFO - indeed: Current Page: 52;Number of job posts fetched in current page : 15;Number of job posts fetched in total : 795;Number of job posts remained to fetched : 8709
2021-07-12 15:20:49 PM - INFO - indeed: Pause for 135
2021-07-12 15:23:04 PM - INFO - agent: Response acquired
2021-07-12 15:23:04 PM - INFO - indeed: Current Page: 53;Number of job posts fetched in current page : 15;Number of job posts fetched in total : 810;Number of job posts remained to fetched : 8694
2021-07-12 15:23:04 PM - INFO - indeed: Pause for 165
2021-07-12 15:25:50 PM - INFO - agent: Response acquired
2021-07-12 15:25:50 PM - INFO - indeed: Current Page: 54;Number of job posts fetched in current page : 15;Number of job posts fetched in total : 825;Number of job posts remained to fetched : 8679
2021-07-12 15:25:50 PM - INFO - indeed: Pause for 164
2021-07-12 15:28:34 PM - INFO - agent: Response acquired
2021-07-12 15:28:35 PM - INFO - indeed: Current Page: 55;Number of job posts fetched in current page : 15;Number of job posts fetched in total : 840;Number of job posts remained to fetched : 8664
2021-07-12 15:28:35 PM - INFO - indeed: Pause for 165
2021-07-12 15:31:20 PM - INFO - agent: Response acquired
2021-07-12 15:31:20 PM - INFO - indeed: Current Page: 56;Number of job posts fetched in current page : 15;Number of job posts fetched in total : 855;Number of job posts remained to fetched : 8649
2021-07-12 15:31:20 PM - INFO - indeed: Pause for 120
2021-07-12 15:33:21 PM - INFO - agent: Response acquired
2021-07-12 15:33:21 PM - INFO - indeed: Current Page: 57;Number of job posts fetched in current page : 15;Number of job posts fetched in total : 870;Number of job posts remained to fetched : 8634
2021-07-12 15:33:21 PM - INFO - indeed: Pause for 129
2021-07-12 15:35:30 PM - INFO - agent: Response acquired
2021-07-12 15:35:31 PM - INFO - indeed: Current Page: 58;Number of job posts fetched in current page : 15;Number of job posts fetched in total : 885;Number of job posts remained to fetched : 8619
2021-07-12 15:35:31 PM - INFO - indeed: Pause for 145
2021-07-12 15:37:56 PM - INFO - agent: Response acquired
2021-07-12 15:37:56 PM - INFO - indeed: Current Page: 59;Number of job posts fetched in current page : 15;Number of job posts fetched in total : 900;Number of job posts remained to fetched : 8604
2021-07-12 15:37:56 PM - INFO - indeed: Pause for 141
2021-07-12 15:40:18 PM - INFO - agent: Response acquired
2021-07-12 15:40:18 PM - INFO - indeed: Current Page: 60;Number of job posts fetched in current page : 15;Number of job posts fetched in total : 915;Number of job posts remained to fetched : 8589
2021-07-12 15:40:18 PM - INFO - indeed: Pause for 169
2021-07-12 15:43:07 PM - INFO - agent: Response acquired
2021-07-12 15:43:08 PM - INFO - indeed: Current Page: 61;Number of job posts fetched in current page : 15;Number of job posts fetched in total : 930;Number of job posts remained to fetched : 8574
2021-07-12 15:43:08 PM - INFO - indeed: Pause for 153
2021-07-12 15:45:41 PM - INFO - agent: Response acquired
2021-07-12 15:45:41 PM - INFO - indeed: Current Page: 62;Number of job posts fetched in current page : 15;Number of job posts fetched in total : 945;Number of job posts remained to fetched : 8559
2021-07-12 15:45:41 PM - INFO - indeed: Pause for 124
2021-07-12 15:47:46 PM - INFO - agent: Response acquired
2021-07-12 15:47:46 PM - INFO - indeed: Current Page: 63;Number of job posts fetched in current page : 15;Number of job posts fetched in total : 960;Number of job posts remained to fetched : 8544
2021-07-12 15:47:46 PM - INFO - indeed: Pause for 137
2021-07-12 15:50:03 PM - INFO - agent: Response acquired
2021-07-12 15:50:03 PM - INFO - indeed: Current Page: 64;Number of job posts fetched in current page : 15;Number of job posts fetched in total : 975;Number of job posts remained to fetched : 8529
2021-07-12 15:50:03 PM - INFO - indeed: Pause for 139
2021-07-12 15:52:23 PM - INFO - agent: Response acquired
2021-07-12 15:52:23 PM - INFO - indeed: Current Page: 65;Number of job posts fetched in current page : 15;Number of job posts fetched in total : 990;Number of job posts remained to fetched : 8514
2021-07-12 15:52:23 PM - INFO - indeed: Pause for 155
2021-07-12 15:54:59 PM - INFO - agent: Response acquired
2021-07-12 15:54:59 PM - INFO - agent: Response acquired
2021-07-12 15:54:59 PM - INFO - indeed: Job posts fetch completed. Number of job posts fetched : 1000
2021-07-12 15:55:02 PM - INFO - indeed: Extraction completed
2021-07-12 15:55:08 PM - INFO - indeed: Finished writing. Number of jobs written into database : 1000; Number of jobs updated: 647; Number of new jobs written into database: 353
